<?xml version="1.0" encoding="UTF-8"?>
<!-- Generated by org.testng.reporters.JUnitReportReporter -->
<testsuite hostname="Chandrra_Prasd" failures="0" tests="7" name="TestNG.AnnotationPractise" time="0.020" errors="0" timestamp="2024-02-12T16:06:17 IST" skipped="1">
  <testcase classname="TestNG.AnnotationPractise" name="composeGmail" time="0.014"/>
  <system-out/>
  <testcase classname="TestNG.AnnotationPractise" name="homePage" time="0.001"/>
  <system-out/>
  <testcase classname="TestNG.AnnotationPractise" name="composeGmail1" time="0.001"/>
  <system-out/>
  <testcase classname="TestNG.AnnotationPractise" name="composeGmail2" time="0.002"/>
  <system-out/>
  <testcase classname="TestNG.AnnotationPractise" name="composeGmail4" time="0.001"/>
  <system-out/>
  <testcase classname="TestNG.AnnotationPractise" name="composeGmail3" time="0.001"/>
  <system-out/>
  <testcase classname="TestNG.AnnotationPractise" name="login">
    <skipped/>
  </testcase> <!-- login -->
  <system-out/>
</testsuite> <!-- TestNG.AnnotationPractise -->
