<?xml version="1.0" encoding="UTF-8"?>
<!-- Generated by org.testng.reporters.JUnitReportReporter -->
<testsuite hostname="Chandrra_Prasd" failures="0" tests="1" name="TestNG.AnnotationPractise2" time="0.003" errors="0" timestamp="2024-02-12T15:56:50 IST" skipped="0">
  <testcase classname="TestNG.AnnotationPractise2" name="bseStockMarket" time="0.003"/>
  <system-out/>
</testsuite> <!-- TestNG.AnnotationPractise2 -->
