<?xml version="1.0" encoding="UTF-8"?>
<!-- Generated by org.testng.reporters.JUnitReportReporter -->
<testsuite hostname="Chandrra_Prasd" failures="0" tests="1" name="TestNG.AnnotationPractise1" time="0.016" errors="0" timestamp="2024-02-12T15:56:50 IST" skipped="0">
  <testcase classname="TestNG.AnnotationPractise1" name="jaguar" time="0.016"/>
  <system-out/>
</testsuite> <!-- TestNG.AnnotationPractise1 -->
