<?xml version="1.0" encoding="UTF-8"?>
<!-- Generated by org.testng.reporters.JUnitReportReporter -->
<testsuite hostname="Chandrra_Prasd" failures="0" tests="1" name="RESTAPI.apiTesting" time="3.263" errors="0" timestamp="2024-02-14T18:55:16 IST" skipped="0">
  <testcase classname="RESTAPI.apiTesting" name="Add_PlaceTesting" time="3.263"/>
  <system-out/>
</testsuite> <!-- RESTAPI.apiTesting -->
