<?xml version="1.0" encoding="UTF-8"?>
<!-- Generated by org.testng.reporters.JUnitReportReporter -->
<testsuite hostname="Chandrra_Prasd" failures="0" tests="3" name="withoutFrameworkTesting.standAloneUItesting" time="30.161" errors="0" timestamp="2024-05-21T14:22:56 IST" skipped="0">
  <testcase classname="withoutFrameworkTesting.standAloneUItesting" name="submitOrder" time="12.218"/>
  <system-out/>
  <testcase classname="withoutFrameworkTesting.standAloneUItesting" name="submitOrder" time="10.616"/>
  <system-out/>
  <testcase classname="withoutFrameworkTesting.standAloneUItesting" name="orderPageValidation" time="7.327"/>
  <system-out/>
</testsuite> <!-- withoutFrameworkTesting.standAloneUItesting -->
