<?xml version="1.0" encoding="UTF-8"?>
<!-- Generated by org.testng.reporters.JUnitReportReporter -->
<testsuite hostname="Chandrra_Prasd" failures="0" tests="3" name="withoutFrameworkTesting.standAloneUItesting" time="38.866" errors="0" timestamp="2024-03-09T23:21:48 IST" skipped="0">
  <testcase classname="withoutFrameworkTesting.standAloneUItesting" name="submitOrder" time="14.476"/>
  <system-out/>
  <testcase classname="withoutFrameworkTesting.standAloneUItesting" name="orderPageValidation" time="9.057"/>
  <system-out/>
  <testcase classname="withoutFrameworkTesting.standAloneUItesting" name="submitOrder" time="15.333"/>
  <system-out/>
</testsuite> <!-- withoutFrameworkTesting.standAloneUItesting -->
